<html>
<head>
<title>TestNG:  Application Flow</title>
<link href="../testng.css" rel="stylesheet" type="text/css" />
<link href="../my-testng.css" rel="stylesheet" type="text/css" />

<style type="text/css">
.log { display: none;} 
.stack-trace { display: none;} 
</style>
<script type="text/javascript">
<!--
function flip(e) {
  current = e.style.display;
  if (current == 'block') {
    e.style.display = 'none';
    return 0;
  }
  else {
    e.style.display = 'block';
    return 1;
  }
}

function toggleBox(szDivId, elem, msg1, msg2)
{
  var res = -1;  if (document.getElementById) {
    res = flip(document.getElementById(szDivId));
  }
  else if (document.all) {
    // this is the way old msie versions work
    res = flip(document.all[szDivId]);
  }
  if(elem) {
    if(res == 0) elem.innerHTML = msg1; else elem.innerHTML = msg2;
  }

}

function toggleAllBoxes() {
  if (document.getElementsByTagName) {
    d = document.getElementsByTagName('div');
    for (i = 0; i < d.length; i++) {
      if (d[i].className == 'log') {
        flip(d[i]);
      }
    }
  }
}

// -->
</script>

</head>
<body>
<h2 align='center'>Application Flow</h2><table border='1' align="center">
<tr>
<td>Tests passed/Failed/Skipped:</td><td>1/3/0</td>
</tr><tr>
<td>Started on:</td><td>Mon Feb 01 10:41:18 IST 2016</td>
</tr>
<tr><td>Total time:</td><td>144 seconds (144065 ms)</td>
</tr><tr>
<td>Included groups:</td><td></td>
</tr><tr>
<td>Excluded groups:</td><td></td>
</tr>
</table><p/>
<small><i>(Hover the method name to see the test class name)</i></small><p/>
<table width='100%' border='1' class='invocation-failed'>
<tr><td colspan='4' align='center'><b>FAILED TESTS</b></td></tr>
<tr><td><b>Test method</b></td>
<td width="30%"><b>Exception</b></td>
<td width="10%"><b>Time (seconds)</b></td>
<td><b>Instance</b></td>
</tr>
<tr>
<td title='com.cisco.citeis.scripts.VerifyAppFlow.validateAppFlow()'><b>validateAppFlow</b><br>Test class: com.cisco.citeis.scripts.VerifyAppFlow<br>Parameters: Negative Flow, fcs-test-qa1, fcs-test, stage-epg-wo<br/>
<a href="#Output-541698497" onClick='toggleBox("Output-541698497", this, "Show output", "Hide output");'>Show output</a>

<a href="#Output-541698497" onClick="toggleAllBoxes();">Show all outputs</a>
<div class='log' id="Output-541698497">
STEP26<br/>
STEP27<br/>
STEP28<br/>
STEP29<br/>
STEP30<br/>
STEP31<br/>
STEP32<br/>
</div>
</td>
<td><div><pre>java.lang.AssertionError: &apos;fcs-test-qa1&apos; Application not present
	at com.cisco.citeis.pages.MyApplicationsPage.validateAppFlow(MyApplicationsPage.java:122)
	at com.cisco.citeis.scripts.VerifyAppFlow.validateAppFlow(VerifyAppFlow.java:33)
	at com.sun.proxy.$Proxy0.invoke(Unknown Source)
... Removed 33 stack frames</pre></div><a href='#' onClick='toggleBox("stack-trace541698497", this, "Click to show all stack frames", "Click to hide stack frames")'>Click to show all stack frames</a>
<div class='stack-trace' id='stack-trace541698497'><pre>java.lang.AssertionError: &apos;fcs-test-qa1&apos; Application not present
	at org.testng.Assert.fail(Assert.java:94)
	at com.cisco.citeis.pages.MyApplicationsPage.validateAppFlow(MyApplicationsPage.java:122)
	at com.cisco.citeis.scripts.VerifyAppFlow.validateAppFlow(VerifyAppFlow.java:33)
	at sun.reflect.NativeMethodAccessorImpl.invoke0(Native Method)
	at sun.reflect.NativeMethodAccessorImpl.invoke(NativeMethodAccessorImpl.java:62)
	at sun.reflect.DelegatingMethodAccessorImpl.invoke(DelegatingMethodAccessorImpl.java:43)
	at java.lang.reflect.Method.invoke(Method.java:497)
	at org.testng.internal.MethodInvocationHelper.invokeMethod(MethodInvocationHelper.java:85)
	at org.testng.internal.Invoker.invokeMethod(Invoker.java:639)
	at org.testng.internal.Invoker.invokeTestMethod(Invoker.java:816)
	at org.testng.internal.Invoker.invokeTestMethods(Invoker.java:1124)
	at org.testng.internal.TestMethodWorker.invokeTestMethods(TestMethodWorker.java:125)
	at org.testng.internal.TestMethodWorker.run(TestMethodWorker.java:108)
	at org.testng.TestRunner.privateRun(TestRunner.java:774)
	at org.testng.TestRunner.run(TestRunner.java:624)
	at org.testng.SuiteRunner.runTest(SuiteRunner.java:359)
	at org.testng.SuiteRunner.runSequentially(SuiteRunner.java:354)
	at org.testng.SuiteRunner.privateRun(SuiteRunner.java:312)
	at org.testng.SuiteRunner.run(SuiteRunner.java:261)
	at org.testng.SuiteRunnerWorker.runSuite(SuiteRunnerWorker.java:52)
	at org.testng.SuiteRunnerWorker.run(SuiteRunnerWorker.java:86)
	at org.testng.TestNG.runSuitesSequentially(TestNG.java:1215)
	at org.testng.TestNG.runSuitesLocally(TestNG.java:1140)
	at org.testng.TestNG.run(TestNG.java:1048)
	at org.apache.maven.surefire.testng.TestNGExecutor.run(TestNGExecutor.java:122)
	at org.apache.maven.surefire.testng.TestNGXmlTestSuite.execute(TestNGXmlTestSuite.java:88)
	at org.apache.maven.surefire.testng.TestNGProvider.invoke(TestNGProvider.java:104)
	at sun.reflect.NativeMethodAccessorImpl.invoke0(Native Method)
	at sun.reflect.NativeMethodAccessorImpl.invoke(NativeMethodAccessorImpl.java:62)
	at sun.reflect.DelegatingMethodAccessorImpl.invoke(DelegatingMethodAccessorImpl.java:43)
	at java.lang.reflect.Method.invoke(Method.java:497)
	at org.apache.maven.surefire.booter.ProviderFactory$ClassLoaderProxy.invoke(ProviderFactory.java:103)
	at com.sun.proxy.$Proxy0.invoke(Unknown Source)
	at org.apache.maven.surefire.booter.SurefireStarter.invokeProvider(SurefireStarter.java:150)
	at org.apache.maven.surefire.booter.SurefireStarter.runSuitesInProcess(SurefireStarter.java:91)
	at org.apache.maven.surefire.booter.ForkedBooter.main(ForkedBooter.java:69)
</pre></div></td>
<td>5</td>
<td>com.cisco.citeis.scripts.VerifyAppFlow@13a57a3b</td></tr>
<tr>
<td title='com.cisco.citeis.scripts.VerifyAppFlow.validateAppFlow()'><b>validateAppFlow</b><br>Test class: com.cisco.citeis.scripts.VerifyAppFlow<br>Parameters: Negative Flow, fcs-test-qa, fcs-test1, stage-epg-wo<br/>
<a href="#Output-1828873985" onClick='toggleBox("Output-1828873985", this, "Show output", "Hide output");'>Show output</a>

<a href="#Output-1828873985" onClick="toggleAllBoxes();">Show all outputs</a>
<div class='log' id="Output-1828873985">
STEP33<br/>
STEP34<br/>
STEP35<br/>
STEP36<br/>
STEP37<br/>
STEP38<br/>
STEP39<br/>
STEP40<br/>
STEP41<br/>
STEP42<br/>
STEP43<br/>
STEP44<br/>
STEP45<br/>
STEP46<br/>
</div>
</td>
<td><div><pre>java.lang.AssertionError: &apos;fcs-test1&apos; Profile not present
	at com.cisco.citeis.pages.MyApplicationsPage.validateAppFlow(MyApplicationsPage.java:126)
	at com.cisco.citeis.scripts.VerifyAppFlow.validateAppFlow(VerifyAppFlow.java:33)
	at com.sun.proxy.$Proxy0.invoke(Unknown Source)
... Removed 33 stack frames</pre></div><a href='#' onClick='toggleBox("stack-trace1828873985", this, "Click to show all stack frames", "Click to hide stack frames")'>Click to show all stack frames</a>
<div class='stack-trace' id='stack-trace1828873985'><pre>java.lang.AssertionError: &apos;fcs-test1&apos; Profile not present
	at org.testng.Assert.fail(Assert.java:94)
	at com.cisco.citeis.pages.MyApplicationsPage.validateAppFlow(MyApplicationsPage.java:126)
	at com.cisco.citeis.scripts.VerifyAppFlow.validateAppFlow(VerifyAppFlow.java:33)
	at sun.reflect.NativeMethodAccessorImpl.invoke0(Native Method)
	at sun.reflect.NativeMethodAccessorImpl.invoke(NativeMethodAccessorImpl.java:62)
	at sun.reflect.DelegatingMethodAccessorImpl.invoke(DelegatingMethodAccessorImpl.java:43)
	at java.lang.reflect.Method.invoke(Method.java:497)
	at org.testng.internal.MethodInvocationHelper.invokeMethod(MethodInvocationHelper.java:85)
	at org.testng.internal.Invoker.invokeMethod(Invoker.java:639)
	at org.testng.internal.Invoker.invokeTestMethod(Invoker.java:816)
	at org.testng.internal.Invoker.invokeTestMethods(Invoker.java:1124)
	at org.testng.internal.TestMethodWorker.invokeTestMethods(TestMethodWorker.java:125)
	at org.testng.internal.TestMethodWorker.run(TestMethodWorker.java:108)
	at org.testng.TestRunner.privateRun(TestRunner.java:774)
	at org.testng.TestRunner.run(TestRunner.java:624)
	at org.testng.SuiteRunner.runTest(SuiteRunner.java:359)
	at org.testng.SuiteRunner.runSequentially(SuiteRunner.java:354)
	at org.testng.SuiteRunner.privateRun(SuiteRunner.java:312)
	at org.testng.SuiteRunner.run(SuiteRunner.java:261)
	at org.testng.SuiteRunnerWorker.runSuite(SuiteRunnerWorker.java:52)
	at org.testng.SuiteRunnerWorker.run(SuiteRunnerWorker.java:86)
	at org.testng.TestNG.runSuitesSequentially(TestNG.java:1215)
	at org.testng.TestNG.runSuitesLocally(TestNG.java:1140)
	at org.testng.TestNG.run(TestNG.java:1048)
	at org.apache.maven.surefire.testng.TestNGExecutor.run(TestNGExecutor.java:122)
	at org.apache.maven.surefire.testng.TestNGXmlTestSuite.execute(TestNGXmlTestSuite.java:88)
	at org.apache.maven.surefire.testng.TestNGProvider.invoke(TestNGProvider.java:104)
	at sun.reflect.NativeMethodAccessorImpl.invoke0(Native Method)
	at sun.reflect.NativeMethodAccessorImpl.invoke(NativeMethodAccessorImpl.java:62)
	at sun.reflect.DelegatingMethodAccessorImpl.invoke(DelegatingMethodAccessorImpl.java:43)
	at java.lang.reflect.Method.invoke(Method.java:497)
	at org.apache.maven.surefire.booter.ProviderFactory$ClassLoaderProxy.invoke(ProviderFactory.java:103)
	at com.sun.proxy.$Proxy0.invoke(Unknown Source)
	at org.apache.maven.surefire.booter.SurefireStarter.invokeProvider(SurefireStarter.java:150)
	at org.apache.maven.surefire.booter.SurefireStarter.runSuitesInProcess(SurefireStarter.java:91)
	at org.apache.maven.surefire.booter.ForkedBooter.main(ForkedBooter.java:69)
</pre></div></td>
<td>36</td>
<td>com.cisco.citeis.scripts.VerifyAppFlow@13a57a3b</td></tr>
<tr>
<td title='com.cisco.citeis.scripts.VerifyAppFlow.validateAppFlow()'><b>validateAppFlow</b><br>Test class: com.cisco.citeis.scripts.VerifyAppFlow<br>Parameters: Negative Flow, fcs-test-qa, fcs-test, stage-epg-wo1<br/>
<a href="#Output-1719072416" onClick='toggleBox("Output-1719072416", this, "Show output", "Hide output");'>Show output</a>

<a href="#Output-1719072416" onClick="toggleAllBoxes();">Show all outputs</a>
<div class='log' id="Output-1719072416">
STEP47<br/>
STEP48<br/>
STEP49<br/>
STEP50<br/>
STEP51<br/>
STEP52<br/>
STEP53<br/>
STEP54<br/>
STEP55<br/>
STEP56<br/>
STEP57<br/>
STEP58<br/>
STEP59<br/>
STEP60<br/>
STEP61<br/>
STEP62<br/>
STEP63<br/>
STEP64<br/>
STEP65<br/>
STEP66<br/>
</div>
</td>
<td><div><pre>java.lang.AssertionError: &apos;stage-epg-wo1&apos; EPG not present
	at com.cisco.citeis.pages.MyApplicationsPage.validateEPGDisplayed(MyApplicationsPage.java:144)
	at com.cisco.citeis.pages.MyApplicationsPage.validateAppFlow(MyApplicationsPage.java:86)
	at com.cisco.citeis.scripts.VerifyAppFlow.validateAppFlow(VerifyAppFlow.java:33)
	at com.sun.proxy.$Proxy0.invoke(Unknown Source)
... Removed 33 stack frames</pre></div><a href='#' onClick='toggleBox("stack-trace1719072416", this, "Click to show all stack frames", "Click to hide stack frames")'>Click to show all stack frames</a>
<div class='stack-trace' id='stack-trace1719072416'><pre>java.lang.AssertionError: &apos;stage-epg-wo1&apos; EPG not present
	at org.testng.Assert.fail(Assert.java:94)
	at com.cisco.citeis.pages.MyApplicationsPage.validateEPGDisplayed(MyApplicationsPage.java:144)
	at com.cisco.citeis.pages.MyApplicationsPage.validateAppFlow(MyApplicationsPage.java:86)
	at com.cisco.citeis.scripts.VerifyAppFlow.validateAppFlow(VerifyAppFlow.java:33)
	at sun.reflect.NativeMethodAccessorImpl.invoke0(Native Method)
	at sun.reflect.NativeMethodAccessorImpl.invoke(NativeMethodAccessorImpl.java:62)
	at sun.reflect.DelegatingMethodAccessorImpl.invoke(DelegatingMethodAccessorImpl.java:43)
	at java.lang.reflect.Method.invoke(Method.java:497)
	at org.testng.internal.MethodInvocationHelper.invokeMethod(MethodInvocationHelper.java:85)
	at org.testng.internal.Invoker.invokeMethod(Invoker.java:639)
	at org.testng.internal.Invoker.invokeTestMethod(Invoker.java:816)
	at org.testng.internal.Invoker.invokeTestMethods(Invoker.java:1124)
	at org.testng.internal.TestMethodWorker.invokeTestMethods(TestMethodWorker.java:125)
	at org.testng.internal.TestMethodWorker.run(TestMethodWorker.java:108)
	at org.testng.TestRunner.privateRun(TestRunner.java:774)
	at org.testng.TestRunner.run(TestRunner.java:624)
	at org.testng.SuiteRunner.runTest(SuiteRunner.java:359)
	at org.testng.SuiteRunner.runSequentially(SuiteRunner.java:354)
	at org.testng.SuiteRunner.privateRun(SuiteRunner.java:312)
	at org.testng.SuiteRunner.run(SuiteRunner.java:261)
	at org.testng.SuiteRunnerWorker.runSuite(SuiteRunnerWorker.java:52)
	at org.testng.SuiteRunnerWorker.run(SuiteRunnerWorker.java:86)
	at org.testng.TestNG.runSuitesSequentially(TestNG.java:1215)
	at org.testng.TestNG.runSuitesLocally(TestNG.java:1140)
	at org.testng.TestNG.run(TestNG.java:1048)
	at org.apache.maven.surefire.testng.TestNGExecutor.run(TestNGExecutor.java:122)
	at org.apache.maven.surefire.testng.TestNGXmlTestSuite.execute(TestNGXmlTestSuite.java:88)
	at org.apache.maven.surefire.testng.TestNGProvider.invoke(TestNGProvider.java:104)
	at sun.reflect.NativeMethodAccessorImpl.invoke0(Native Method)
	at sun.reflect.NativeMethodAccessorImpl.invoke(NativeMethodAccessorImpl.java:62)
	at sun.reflect.DelegatingMethodAccessorImpl.invoke(DelegatingMethodAccessorImpl.java:43)
	at java.lang.reflect.Method.invoke(Method.java:497)
	at org.apache.maven.surefire.booter.ProviderFactory$ClassLoaderProxy.invoke(ProviderFactory.java:103)
	at com.sun.proxy.$Proxy0.invoke(Unknown Source)
	at org.apache.maven.surefire.booter.SurefireStarter.invokeProvider(SurefireStarter.java:150)
	at org.apache.maven.surefire.booter.SurefireStarter.runSuitesInProcess(SurefireStarter.java:91)
	at org.apache.maven.surefire.booter.ForkedBooter.main(ForkedBooter.java:69)
</pre></div></td>
<td>40</td>
<td>com.cisco.citeis.scripts.VerifyAppFlow@13a57a3b</td></tr>
</table><p>
<table width='100%' border='1' class='invocation-passed'>
<tr><td colspan='4' align='center'><b>PASSED TESTS</b></td></tr>
<tr><td><b>Test method</b></td>
<td width="30%"><b>Exception</b></td>
<td width="10%"><b>Time (seconds)</b></td>
<td><b>Instance</b></td>
</tr>
<tr>
<td title='com.cisco.citeis.scripts.VerifyAppFlow.validateAppFlow()'><b>validateAppFlow</b><br>Test class: com.cisco.citeis.scripts.VerifyAppFlow<br>Parameters: Positive Flow, fcs-test-qa, fcs-test, stage-epg-wo<br/>
<a href="#Output-1044705957" onClick='toggleBox("Output-1044705957", this, "Show output", "Hide output");'>Show output</a>

<a href="#Output-1044705957" onClick="toggleAllBoxes();">Show all outputs</a>
<div class='log' id="Output-1044705957">
STEP2<br/>
STEP3<br/>
STEP4<br/>
STEP5<br/>
STEP6<br/>
STEP7<br/>
STEP8<br/>
STEP9<br/>
STEP10<br/>
STEP11<br/>
STEP12<br/>
STEP13<br/>
STEP14<br/>
STEP15<br/>
STEP16<br/>
STEP17<br/>
STEP18<br/>
STEP19<br/>
STEP20<br/>
STEP21<br/>
STEP22<br/>
STEP23<br/>
STEP24<br/>
STEP25<br/>
</div>
</td>
<td></td>
<td>56</td>
<td>com.cisco.citeis.scripts.VerifyAppFlow@13a57a3b</td></tr>
</table><p>
</body>
</html>